app/build/intermediates/manifest_merge_blame_file/debug/manifest-merger-blame-debug-report.txt
1<?xml version="1.0" encoding="utf-8"?>
2<manifest xmlns:android="http://schemas.android.com/apk/res/android"
3    package="com.example.credify"
4    android:versionCode="1"
5    android:versionName="1.0" >
6
7    <uses-sdk
8        android:minSdkVersion="24"
9        android:targetSdkVersion="34" />
10
11    <uses-permission android:name="android.permission.READ_EXTERNAL_STORAGE" />
11-->src/main/AndroidManifest.xml:5:5-80
11-->src/main/AndroidManifest.xml:5:22-77
12    <uses-permission android:name="android.permission.READ_MEDIA_IMAGES" />
12-->src/main/AndroidManifest.xml:6:5-76
12-->src/main/AndroidManifest.xml:6:22-73
13    <uses-permission android:name="android.permission.INTERNET" />
13-->[com.google.firebase:firebase-auth:23.1.0] AndroidManifest.xml:25:5-67
13-->[com.google.firebase:firebase-auth:23.1.0] AndroidManifest.xml:25:22-64
14    <uses-permission android:name="android.permission.ACCESS_NETWORK_STATE" />
14-->[com.google.firebase:firebase-auth:23.1.0] AndroidManifest.xml:26:5-79
14-->[com.google.firebase:firebase-auth:23.1.0] AndroidManifest.xml:26:22-76
15    <uses-permission android:name="com.google.android.providers.gsf.permission.READ_GSERVICES" />
15-->[com.google.android.recaptcha:recaptcha:18.5.1] AndroidManifest.xml:9:5-98
15-->[com.google.android.recaptcha:recaptcha:18.5.1] AndroidManifest.xml:9:22-95
16
17    <permission
17-->[androidx.core:core:1.13.0] AndroidManifest.xml:22:5-24:47
18        android:name="com.example.credify.DYNAMIC_RECEIVER_NOT_EXPORTED_PERMISSION"
18-->[androidx.core:core:1.13.0] AndroidManifest.xml:23:9-81
19        android:protectionLevel="signature" />
19-->[androidx.core:core:1.13.0] AndroidManifest.xml:24:9-44
20
21    <uses-permission android:name="com.example.credify.DYNAMIC_RECEIVER_NOT_EXPORTED_PERMISSION" />
21-->[androidx.core:core:1.13.0] AndroidManifest.xml:26:5-97
21-->[androidx.core:core:1.13.0] AndroidManifest.xml:26:22-94
22
23    <application
23-->src/main/AndroidManifest.xml:8:5-56:19
24        android:allowBackup="true"
24-->src/main/AndroidManifest.xml:9:9-35
25        android:appComponentFactory="androidx.core.app.CoreComponentFactory"
25-->[androidx.core:core:1.13.0] AndroidManifest.xml:28:18-86
26        android:dataExtractionRules="@xml/data_extraction_rules"
26-->src/main/AndroidManifest.xml:10:9-65
27        android:debuggable="true"
28        android:extractNativeLibs="false"
29        android:fullBackupContent="@xml/backup_rules"
29-->src/main/AndroidManifest.xml:11:9-54
30        android:icon="@mipmap/ic_launcher"
30-->src/main/AndroidManifest.xml:12:9-43
31        android:label="@string/app_name"
31-->src/main/AndroidManifest.xml:13:9-41
32        android:roundIcon="@mipmap/ic_launcher_round"
32-->src/main/AndroidManifest.xml:14:9-54
33        android:supportsRtl="true"
33-->src/main/AndroidManifest.xml:15:9-35
34        android:testOnly="true"
35        android:theme="@style/Theme.Credify" >
35-->src/main/AndroidManifest.xml:16:9-45
36        <activity
36-->src/main/AndroidManifest.xml:18:9-20:40
37            android:name="com.example.credify.ViewCertificatesActivity"
37-->src/main/AndroidManifest.xml:19:13-53
38            android:exported="false" />
38-->src/main/AndroidManifest.xml:20:13-37
39        <activity
39-->src/main/AndroidManifest.xml:21:9-23:40
40            android:name="com.example.credify.profile"
40-->src/main/AndroidManifest.xml:22:13-36
41            android:exported="false" />
41-->src/main/AndroidManifest.xml:23:13-37
42        <activity
42-->src/main/AndroidManifest.xml:24:9-26:40
43            android:name="com.example.credify.UploadCertificateActivity"
43-->src/main/AndroidManifest.xml:25:13-54
44            android:exported="false" />
44-->src/main/AndroidManifest.xml:26:13-37
45        <activity
45-->src/main/AndroidManifest.xml:27:9-29:40
46            android:name="com.example.credify.StudentHomepage"
46-->src/main/AndroidManifest.xml:28:13-44
47            android:exported="false" />
47-->src/main/AndroidManifest.xml:29:13-37
48        <activity
48-->src/main/AndroidManifest.xml:30:9-34:52
49            android:name="com.example.credify.StudentHome"
49-->src/main/AndroidManifest.xml:31:13-40
50            android:exported="false"
50-->src/main/AndroidManifest.xml:32:13-37
51            android:label="@string/title_activity_student_home"
51-->src/main/AndroidManifest.xml:33:13-64
52            android:theme="@style/Theme.Credify" />
52-->src/main/AndroidManifest.xml:34:13-49
53        <activity
53-->src/main/AndroidManifest.xml:35:9-37:40
54            android:name="com.example.credify.StudentPageActivity"
54-->src/main/AndroidManifest.xml:36:13-48
55            android:exported="false" /> <!-- Declare Register Activity (ensure the class name matches exactly) -->
55-->src/main/AndroidManifest.xml:37:13-37
56        <activity
56-->src/main/AndroidManifest.xml:38:9-40:39
57            android:name="com.example.credify.RegisterActivity"
57-->src/main/AndroidManifest.xml:39:13-45
58            android:exported="true" />
58-->src/main/AndroidManifest.xml:40:13-36
59        <activity
59-->src/main/AndroidManifest.xml:41:9-43:40
60            android:name="com.example.credify.rounded_edittext"
60-->src/main/AndroidManifest.xml:42:13-45
61            android:exported="false" />
61-->src/main/AndroidManifest.xml:43:13-37
62        <activity
62-->src/main/AndroidManifest.xml:44:9-46:40
63            android:name="com.example.credify.LoginActivity"
63-->src/main/AndroidManifest.xml:45:13-42
64            android:exported="false" /> <!-- MainActivity (Launcher Activity) -->
64-->src/main/AndroidManifest.xml:46:13-37
65        <activity
65-->src/main/AndroidManifest.xml:47:9-55:20
66            android:name="com.example.credify.MainActivity"
66-->src/main/AndroidManifest.xml:48:13-41
67            android:exported="true" >
67-->src/main/AndroidManifest.xml:49:13-36
68            <intent-filter>
68-->src/main/AndroidManifest.xml:50:13-54:29
69                <action android:name="android.intent.action.MAIN" />
69-->src/main/AndroidManifest.xml:51:17-69
69-->src/main/AndroidManifest.xml:51:25-66
70
71                <category android:name="android.intent.category.LAUNCHER" />
71-->src/main/AndroidManifest.xml:53:17-77
71-->src/main/AndroidManifest.xml:53:27-74
72            </intent-filter>
73        </activity>
74        <activity
74-->[com.google.firebase:firebase-auth:23.1.0] AndroidManifest.xml:29:9-46:20
75            android:name="com.google.firebase.auth.internal.GenericIdpActivity"
75-->[com.google.firebase:firebase-auth:23.1.0] AndroidManifest.xml:30:13-80
76            android:excludeFromRecents="true"
76-->[com.google.firebase:firebase-auth:23.1.0] AndroidManifest.xml:31:13-46
77            android:exported="true"
77-->[com.google.firebase:firebase-auth:23.1.0] AndroidManifest.xml:32:13-36
78            android:launchMode="singleTask"
78-->[com.google.firebase:firebase-auth:23.1.0] AndroidManifest.xml:33:13-44
79            android:theme="@android:style/Theme.Translucent.NoTitleBar" >
79-->[com.google.firebase:firebase-auth:23.1.0] AndroidManifest.xml:34:13-72
80            <intent-filter>
80-->[com.google.firebase:firebase-auth:23.1.0] AndroidManifest.xml:35:13-45:29
81                <action android:name="android.intent.action.VIEW" />
81-->[com.google.firebase:firebase-auth:23.1.0] AndroidManifest.xml:36:17-69
81-->[com.google.firebase:firebase-auth:23.1.0] AndroidManifest.xml:36:25-66
82
83                <category android:name="android.intent.category.DEFAULT" />
83-->[com.google.firebase:firebase-auth:23.1.0] AndroidManifest.xml:38:17-76
83-->[com.google.firebase:firebase-auth:23.1.0] AndroidManifest.xml:38:27-73
84                <category android:name="android.intent.category.BROWSABLE" />
84-->[com.google.firebase:firebase-auth:23.1.0] AndroidManifest.xml:39:17-78
84-->[com.google.firebase:firebase-auth:23.1.0] AndroidManifest.xml:39:27-75
85
86                <data
86-->[com.google.firebase:firebase-auth:23.1.0] AndroidManifest.xml:41:17-44:51
87                    android:host="firebase.auth"
87-->[com.google.firebase:firebase-auth:23.1.0] AndroidManifest.xml:42:21-49
88                    android:path="/"
88-->[com.google.firebase:firebase-auth:23.1.0] AndroidManifest.xml:43:21-37
89                    android:scheme="genericidp" />
89-->[com.google.firebase:firebase-auth:23.1.0] AndroidManifest.xml:44:21-48
90            </intent-filter>
91        </activity>
92        <activity
92-->[com.google.firebase:firebase-auth:23.1.0] AndroidManifest.xml:47:9-64:20
93            android:name="com.google.firebase.auth.internal.RecaptchaActivity"
93-->[com.google.firebase:firebase-auth:23.1.0] AndroidManifest.xml:48:13-79
94            android:excludeFromRecents="true"
94-->[com.google.firebase:firebase-auth:23.1.0] AndroidManifest.xml:49:13-46
95            android:exported="true"
95-->[com.google.firebase:firebase-auth:23.1.0] AndroidManifest.xml:50:13-36
96            android:launchMode="singleTask"
96-->[com.google.firebase:firebase-auth:23.1.0] AndroidManifest.xml:51:13-44
97            android:theme="@android:style/Theme.Translucent.NoTitleBar" >
97-->[com.google.firebase:firebase-auth:23.1.0] AndroidManifest.xml:52:13-72
98            <intent-filter>
98-->[com.google.firebase:firebase-auth:23.1.0] AndroidManifest.xml:53:13-63:29
99                <action android:name="android.intent.action.VIEW" />
99-->[com.google.firebase:firebase-auth:23.1.0] AndroidManifest.xml:36:17-69
99-->[com.google.firebase:firebase-auth:23.1.0] AndroidManifest.xml:36:25-66
100
101                <category android:name="android.intent.category.DEFAULT" />
101-->[com.google.firebase:firebase-auth:23.1.0] AndroidManifest.xml:38:17-76
101-->[com.google.firebase:firebase-auth:23.1.0] AndroidManifest.xml:38:27-73
102                <category android:name="android.intent.category.BROWSABLE" />
102-->[com.google.firebase:firebase-auth:23.1.0] AndroidManifest.xml:39:17-78
102-->[com.google.firebase:firebase-auth:23.1.0] AndroidManifest.xml:39:27-75
103
104                <data
104-->[com.google.firebase:firebase-auth:23.1.0] AndroidManifest.xml:41:17-44:51
105                    android:host="firebase.auth"
105-->[com.google.firebase:firebase-auth:23.1.0] AndroidManifest.xml:42:21-49
106                    android:path="/"
106-->[com.google.firebase:firebase-auth:23.1.0] AndroidManifest.xml:43:21-37
107                    android:scheme="recaptcha" />
107-->[com.google.firebase:firebase-auth:23.1.0] AndroidManifest.xml:44:21-48
108            </intent-filter>
109        </activity>
110
111        <service
111-->[com.google.firebase:firebase-auth:23.1.0] AndroidManifest.xml:66:9-72:19
112            android:name="com.google.firebase.components.ComponentDiscoveryService"
112-->[com.google.firebase:firebase-auth:23.1.0] AndroidManifest.xml:67:13-84
113            android:directBootAware="true"
113-->[com.google.firebase:firebase-common:21.0.0] AndroidManifest.xml:32:13-43
114            android:exported="false" >
114-->[com.google.firebase:firebase-auth:23.1.0] AndroidManifest.xml:68:13-37
115            <meta-data
115-->[com.google.firebase:firebase-auth:23.1.0] AndroidManifest.xml:69:13-71:85
116                android:name="com.google.firebase.components:com.google.firebase.auth.FirebaseAuthRegistrar"
116-->[com.google.firebase:firebase-auth:23.1.0] AndroidManifest.xml:70:17-109
117                android:value="com.google.firebase.components.ComponentRegistrar" />
117-->[com.google.firebase:firebase-auth:23.1.0] AndroidManifest.xml:71:17-82
118            <meta-data
118-->[com.google.firebase:firebase-storage:21.0.1] AndroidManifest.xml:30:13-32:85
119                android:name="com.google.firebase.components:com.google.firebase.storage.FirebaseStorageKtxRegistrar"
119-->[com.google.firebase:firebase-storage:21.0.1] AndroidManifest.xml:31:17-118
120                android:value="com.google.firebase.components.ComponentRegistrar" />
120-->[com.google.firebase:firebase-storage:21.0.1] AndroidManifest.xml:32:17-82
121            <meta-data
121-->[com.google.firebase:firebase-storage:21.0.1] AndroidManifest.xml:33:13-35:85
122                android:name="com.google.firebase.components:com.google.firebase.storage.StorageRegistrar"
122-->[com.google.firebase:firebase-storage:21.0.1] AndroidManifest.xml:34:17-107
123                android:value="com.google.firebase.components.ComponentRegistrar" />
123-->[com.google.firebase:firebase-storage:21.0.1] AndroidManifest.xml:35:17-82
124            <meta-data
124-->[com.google.firebase:firebase-database:21.0.0] AndroidManifest.xml:29:13-31:85
125                android:name="com.google.firebase.components:com.google.firebase.database.FirebaseDatabaseKtxRegistrar"
125-->[com.google.firebase:firebase-database:21.0.0] AndroidManifest.xml:30:17-120
126                android:value="com.google.firebase.components.ComponentRegistrar" />
126-->[com.google.firebase:firebase-database:21.0.0] AndroidManifest.xml:31:17-82
127            <meta-data
127-->[com.google.firebase:firebase-database:21.0.0] AndroidManifest.xml:32:13-34:85
128                android:name="com.google.firebase.components:com.google.firebase.database.DatabaseRegistrar"
128-->[com.google.firebase:firebase-database:21.0.0] AndroidManifest.xml:33:17-109
129                android:value="com.google.firebase.components.ComponentRegistrar" />
129-->[com.google.firebase:firebase-database:21.0.0] AndroidManifest.xml:34:17-82
130            <meta-data
130-->[com.google.firebase:firebase-firestore:25.1.1] AndroidManifest.xml:17:13-19:85
131                android:name="com.google.firebase.components:com.google.firebase.firestore.FirebaseFirestoreKtxRegistrar"
131-->[com.google.firebase:firebase-firestore:25.1.1] AndroidManifest.xml:18:17-122
132                android:value="com.google.firebase.components.ComponentRegistrar" />
132-->[com.google.firebase:firebase-firestore:25.1.1] AndroidManifest.xml:19:17-82
133            <meta-data
133-->[com.google.firebase:firebase-firestore:25.1.1] AndroidManifest.xml:20:13-22:85
134                android:name="com.google.firebase.components:com.google.firebase.firestore.FirestoreRegistrar"
134-->[com.google.firebase:firebase-firestore:25.1.1] AndroidManifest.xml:21:17-111
135                android:value="com.google.firebase.components.ComponentRegistrar" />
135-->[com.google.firebase:firebase-firestore:25.1.1] AndroidManifest.xml:22:17-82
136            <meta-data
136-->[com.google.firebase:firebase-appcheck:18.0.0] AndroidManifest.xml:25:13-27:85
137                android:name="com.google.firebase.components:com.google.firebase.appcheck.FirebaseAppCheckKtxRegistrar"
137-->[com.google.firebase:firebase-appcheck:18.0.0] AndroidManifest.xml:26:17-120
138                android:value="com.google.firebase.components.ComponentRegistrar" />
138-->[com.google.firebase:firebase-appcheck:18.0.0] AndroidManifest.xml:27:17-82
139            <meta-data
139-->[com.google.firebase:firebase-appcheck:18.0.0] AndroidManifest.xml:28:13-30:85
140                android:name="com.google.firebase.components:com.google.firebase.appcheck.FirebaseAppCheckRegistrar"
140-->[com.google.firebase:firebase-appcheck:18.0.0] AndroidManifest.xml:29:17-117
141                android:value="com.google.firebase.components.ComponentRegistrar" />
141-->[com.google.firebase:firebase-appcheck:18.0.0] AndroidManifest.xml:30:17-82
142            <meta-data
142-->[com.google.firebase:firebase-common-ktx:21.0.0] AndroidManifest.xml:12:13-14:85
143                android:name="com.google.firebase.components:com.google.firebase.ktx.FirebaseCommonLegacyRegistrar"
143-->[com.google.firebase:firebase-common-ktx:21.0.0] AndroidManifest.xml:13:17-116
144                android:value="com.google.firebase.components.ComponentRegistrar" />
144-->[com.google.firebase:firebase-common-ktx:21.0.0] AndroidManifest.xml:14:17-82
145            <meta-data
145-->[com.google.firebase:firebase-common:21.0.0] AndroidManifest.xml:35:13-37:85
146                android:name="com.google.firebase.components:com.google.firebase.FirebaseCommonKtxRegistrar"
146-->[com.google.firebase:firebase-common:21.0.0] AndroidManifest.xml:36:17-109
147                android:value="com.google.firebase.components.ComponentRegistrar" />
147-->[com.google.firebase:firebase-common:21.0.0] AndroidManifest.xml:37:17-82
148        </service>
149
150        <provider
150-->[com.google.firebase:firebase-common:21.0.0] AndroidManifest.xml:23:9-28:39
151            android:name="com.google.firebase.provider.FirebaseInitProvider"
151-->[com.google.firebase:firebase-common:21.0.0] AndroidManifest.xml:24:13-77
152            android:authorities="com.example.credify.firebaseinitprovider"
152-->[com.google.firebase:firebase-common:21.0.0] AndroidManifest.xml:25:13-72
153            android:directBootAware="true"
153-->[com.google.firebase:firebase-common:21.0.0] AndroidManifest.xml:26:13-43
154            android:exported="false"
154-->[com.google.firebase:firebase-common:21.0.0] AndroidManifest.xml:27:13-37
155            android:initOrder="100" />
155-->[com.google.firebase:firebase-common:21.0.0] AndroidManifest.xml:28:13-36
156
157        <service
157-->[androidx.credentials:credentials-play-services-auth:1.2.0-rc01] AndroidManifest.xml:24:9-32:19
158            android:name="androidx.credentials.playservices.CredentialProviderMetadataHolder"
158-->[androidx.credentials:credentials-play-services-auth:1.2.0-rc01] AndroidManifest.xml:25:13-94
159            android:enabled="true"
159-->[androidx.credentials:credentials-play-services-auth:1.2.0-rc01] AndroidManifest.xml:26:13-35
160            android:exported="false" >
160-->[androidx.credentials:credentials-play-services-auth:1.2.0-rc01] AndroidManifest.xml:27:13-37
161            <meta-data
161-->[androidx.credentials:credentials-play-services-auth:1.2.0-rc01] AndroidManifest.xml:29:13-31:104
162                android:name="androidx.credentials.CREDENTIAL_PROVIDER_KEY"
162-->[androidx.credentials:credentials-play-services-auth:1.2.0-rc01] AndroidManifest.xml:30:17-76
163                android:value="androidx.credentials.playservices.CredentialProviderPlayServicesImpl" />
163-->[androidx.credentials:credentials-play-services-auth:1.2.0-rc01] AndroidManifest.xml:31:17-101
164        </service>
165
166        <activity
166-->[androidx.credentials:credentials-play-services-auth:1.2.0-rc01] AndroidManifest.xml:34:9-41:20
167            android:name="androidx.credentials.playservices.HiddenActivity"
167-->[androidx.credentials:credentials-play-services-auth:1.2.0-rc01] AndroidManifest.xml:35:13-76
168            android:configChanges="orientation|screenSize|screenLayout|keyboardHidden"
168-->[androidx.credentials:credentials-play-services-auth:1.2.0-rc01] AndroidManifest.xml:36:13-87
169            android:enabled="true"
169-->[androidx.credentials:credentials-play-services-auth:1.2.0-rc01] AndroidManifest.xml:37:13-35
170            android:exported="false"
170-->[androidx.credentials:credentials-play-services-auth:1.2.0-rc01] AndroidManifest.xml:38:13-37
171            android:fitsSystemWindows="true"
171-->[androidx.credentials:credentials-play-services-auth:1.2.0-rc01] AndroidManifest.xml:39:13-45
172            android:theme="@style/Theme.Hidden" >
172-->[androidx.credentials:credentials-play-services-auth:1.2.0-rc01] AndroidManifest.xml:40:13-48
173        </activity>
174        <activity
174-->[com.google.android.gms:play-services-auth:20.7.0] AndroidManifest.xml:23:9-27:75
175            android:name="com.google.android.gms.auth.api.signin.internal.SignInHubActivity"
175-->[com.google.android.gms:play-services-auth:20.7.0] AndroidManifest.xml:24:13-93
176            android:excludeFromRecents="true"
176-->[com.google.android.gms:play-services-auth:20.7.0] AndroidManifest.xml:25:13-46
177            android:exported="false"
177-->[com.google.android.gms:play-services-auth:20.7.0] AndroidManifest.xml:26:13-37
178            android:theme="@android:style/Theme.Translucent.NoTitleBar" />
178-->[com.google.android.gms:play-services-auth:20.7.0] AndroidManifest.xml:27:13-72
179        <!--
180            Service handling Google Sign-In user revocation. For apps that do not integrate with
181            Google Sign-In, this service will never be started.
182        -->
183        <service
183-->[com.google.android.gms:play-services-auth:20.7.0] AndroidManifest.xml:33:9-37:51
184            android:name="com.google.android.gms.auth.api.signin.RevocationBoundService"
184-->[com.google.android.gms:play-services-auth:20.7.0] AndroidManifest.xml:34:13-89
185            android:exported="true"
185-->[com.google.android.gms:play-services-auth:20.7.0] AndroidManifest.xml:35:13-36
186            android:permission="com.google.android.gms.auth.api.signin.permission.REVOCATION_NOTIFICATION"
186-->[com.google.android.gms:play-services-auth:20.7.0] AndroidManifest.xml:36:13-107
187            android:visibleToInstantApps="true" />
187-->[com.google.android.gms:play-services-auth:20.7.0] AndroidManifest.xml:37:13-48
188
189        <activity
189-->[com.google.android.gms:play-services-base:18.1.0] AndroidManifest.xml:20:9-22:45
190            android:name="com.google.android.gms.common.api.GoogleApiActivity"
190-->[com.google.android.gms:play-services-base:18.1.0] AndroidManifest.xml:20:19-85
191            android:exported="false"
191-->[com.google.android.gms:play-services-base:18.1.0] AndroidManifest.xml:22:19-43
192            android:theme="@android:style/Theme.Translucent.NoTitleBar" />
192-->[com.google.android.gms:play-services-base:18.1.0] AndroidManifest.xml:21:19-78
193
194        <uses-library
194-->[androidx.window:window:1.0.0] AndroidManifest.xml:25:9-27:40
195            android:name="androidx.window.extensions"
195-->[androidx.window:window:1.0.0] AndroidManifest.xml:26:13-54
196            android:required="false" />
196-->[androidx.window:window:1.0.0] AndroidManifest.xml:27:13-37
197        <uses-library
197-->[androidx.window:window:1.0.0] AndroidManifest.xml:28:9-30:40
198            android:name="androidx.window.sidecar"
198-->[androidx.window:window:1.0.0] AndroidManifest.xml:29:13-51
199            android:required="false" />
199-->[androidx.window:window:1.0.0] AndroidManifest.xml:30:13-37
200
201        <provider
201-->[androidx.emoji2:emoji2:1.3.0] AndroidManifest.xml:24:9-32:20
202            android:name="androidx.startup.InitializationProvider"
202-->[androidx.emoji2:emoji2:1.3.0] AndroidManifest.xml:25:13-67
203            android:authorities="com.example.credify.androidx-startup"
203-->[androidx.emoji2:emoji2:1.3.0] AndroidManifest.xml:26:13-68
204            android:exported="false" >
204-->[androidx.emoji2:emoji2:1.3.0] AndroidManifest.xml:27:13-37
205            <meta-data
205-->[androidx.emoji2:emoji2:1.3.0] AndroidManifest.xml:29:13-31:52
206                android:name="androidx.emoji2.text.EmojiCompatInitializer"
206-->[androidx.emoji2:emoji2:1.3.0] AndroidManifest.xml:30:17-75
207                android:value="androidx.startup" />
207-->[androidx.emoji2:emoji2:1.3.0] AndroidManifest.xml:31:17-49
208            <meta-data
208-->[androidx.lifecycle:lifecycle-process:2.6.2] AndroidManifest.xml:29:13-31:52
209                android:name="androidx.lifecycle.ProcessLifecycleInitializer"
209-->[androidx.lifecycle:lifecycle-process:2.6.2] AndroidManifest.xml:30:17-78
210                android:value="androidx.startup" />
210-->[androidx.lifecycle:lifecycle-process:2.6.2] AndroidManifest.xml:31:17-49
211            <meta-data
211-->[androidx.profileinstaller:profileinstaller:1.4.0] AndroidManifest.xml:29:13-31:52
212                android:name="androidx.profileinstaller.ProfileInstallerInitializer"
212-->[androidx.profileinstaller:profileinstaller:1.4.0] AndroidManifest.xml:30:17-85
213                android:value="androidx.startup" />
213-->[androidx.profileinstaller:profileinstaller:1.4.0] AndroidManifest.xml:31:17-49
214        </provider>
215
216        <meta-data
216-->[com.google.android.gms:play-services-basement:18.4.0] AndroidManifest.xml:6:9-122
217            android:name="com.google.android.gms.version"
217-->[com.google.android.gms:play-services-basement:18.4.0] AndroidManifest.xml:6:20-65
218            android:value="@integer/google_play_services_version" />
218-->[com.google.android.gms:play-services-basement:18.4.0] AndroidManifest.xml:6:66-119
219
220        <receiver
220-->[androidx.profileinstaller:profileinstaller:1.4.0] AndroidManifest.xml:34:9-52:20
221            android:name="androidx.profileinstaller.ProfileInstallReceiver"
221-->[androidx.profileinstaller:profileinstaller:1.4.0] AndroidManifest.xml:35:13-76
222            android:directBootAware="false"
222-->[androidx.profileinstaller:profileinstaller:1.4.0] AndroidManifest.xml:36:13-44
223            android:enabled="true"
223-->[androidx.profileinstaller:profileinstaller:1.4.0] AndroidManifest.xml:37:13-35
224            android:exported="true"
224-->[androidx.profileinstaller:profileinstaller:1.4.0] AndroidManifest.xml:38:13-36
225            android:permission="android.permission.DUMP" >
225-->[androidx.profileinstaller:profileinstaller:1.4.0] AndroidManifest.xml:39:13-57
226            <intent-filter>
226-->[androidx.profileinstaller:profileinstaller:1.4.0] AndroidManifest.xml:40:13-42:29
227                <action android:name="androidx.profileinstaller.action.INSTALL_PROFILE" />
227-->[androidx.profileinstaller:profileinstaller:1.4.0] AndroidManifest.xml:41:17-91
227-->[androidx.profileinstaller:profileinstaller:1.4.0] AndroidManifest.xml:41:25-88
228            </intent-filter>
229            <intent-filter>
229-->[androidx.profileinstaller:profileinstaller:1.4.0] AndroidManifest.xml:43:13-45:29
230                <action android:name="androidx.profileinstaller.action.SKIP_FILE" />
230-->[androidx.profileinstaller:profileinstaller:1.4.0] AndroidManifest.xml:44:17-85
230-->[androidx.profileinstaller:profileinstaller:1.4.0] AndroidManifest.xml:44:25-82
231            </intent-filter>
232            <intent-filter>
232-->[androidx.profileinstaller:profileinstaller:1.4.0] AndroidManifest.xml:46:13-48:29
233                <action android:name="androidx.profileinstaller.action.SAVE_PROFILE" />
233-->[androidx.profileinstaller:profileinstaller:1.4.0] AndroidManifest.xml:47:17-88
233-->[androidx.profileinstaller:profileinstaller:1.4.0] AndroidManifest.xml:47:25-85
234            </intent-filter>
235            <intent-filter>
235-->[androidx.profileinstaller:profileinstaller:1.4.0] AndroidManifest.xml:49:13-51:29
236                <action android:name="androidx.profileinstaller.action.BENCHMARK_OPERATION" />
236-->[androidx.profileinstaller:profileinstaller:1.4.0] AndroidManifest.xml:50:17-95
236-->[androidx.profileinstaller:profileinstaller:1.4.0] AndroidManifest.xml:50:25-92
237            </intent-filter>
238        </receiver> <!-- The activities will be merged into the manifest of the hosting app. -->
239        <activity
239-->[com.google.android.play:core-common:2.0.3] AndroidManifest.xml:14:9-18:65
240            android:name="com.google.android.play.core.common.PlayCoreDialogWrapperActivity"
240-->[com.google.android.play:core-common:2.0.3] AndroidManifest.xml:15:13-93
241            android:exported="false"
241-->[com.google.android.play:core-common:2.0.3] AndroidManifest.xml:16:13-37
242            android:stateNotNeeded="true"
242-->[com.google.android.play:core-common:2.0.3] AndroidManifest.xml:17:13-42
243            android:theme="@style/Theme.PlayCore.Transparent" />
243-->[com.google.android.play:core-common:2.0.3] AndroidManifest.xml:18:13-62
244    </application>
245
246</manifest>